Connecting to database specified by database.yml
Compiled jquery.js  (3ms)  (pid 6289)
Compiled jquery_ujs.js  (0ms)  (pid 6289)
Compiled d3.js  (10ms)  (pid 6289)
Compiled topojson.v1.min.js  (0ms)  (pid 6289)
Compiled usmaps.js  (669ms)  (pid 6289)
Compiled application.js  (781ms)  (pid 6289)
Warning. Error encountered while saving cache /Users/gerbdla/Documents/aptana_workspaces/gerbsofwisdom/tmp/cache/sass/bda577bd9595796bb8517cab6253f706a9381a4a/scaffolds.css.scssc: can't dump anonymous class #<Class:0x007ff3da4d6e00>
Compiled scaffolds.css  (126ms)  (pid 6289)
Warning. Error encountered while saving cache /Users/gerbdla/Documents/aptana_workspaces/gerbsofwisdom/tmp/cache/sass/bda577bd9595796bb8517cab6253f706a9381a4a/usmaps.css.scssc: can't dump anonymous class #<Class:0x007ff3da4d6e00>
Compiled usmaps.css  (3ms)  (pid 6289)
Compiled application.css  (149ms)  (pid 6289)
Connecting to database specified by database.yml
Compiled jquery.js  (40ms)  (pid 6289)
Compiled jquery_ujs.js  (1ms)  (pid 6289)
Compiled d3.js  (11ms)  (pid 6289)
Compiled topojson.v1.min.js  (0ms)  (pid 6289)
Compiled usmaps.js  (169ms)  (pid 6289)
Compiled application.js  (361ms)  (pid 6289)
Warning. Error encountered while saving cache /Users/gerbdla/Documents/aptana_workspaces/gerbsofwisdom/tmp/cache/sass/bda577bd9595796bb8517cab6253f706a9381a4a/scaffolds.css.scssc: can't dump anonymous class #<Class:0x007ffacc461fd0>
Compiled scaffolds.css  (24ms)  (pid 6289)
Warning. Error encountered while saving cache /Users/gerbdla/Documents/aptana_workspaces/gerbsofwisdom/tmp/cache/sass/bda577bd9595796bb8517cab6253f706a9381a4a/usmaps.css.scssc: can't dump anonymous class #<Class:0x007ffacc461fd0>
Compiled usmaps.css  (3ms)  (pid 6289)
Compiled application.css  (48ms)  (pid 6289)
Connecting to database specified by database.yml
Compiled jquery.js  (3ms)  (pid 6346)
Compiled jquery_ujs.js  (0ms)  (pid 6346)
Compiled d3.js  (14ms)  (pid 6346)
Compiled topojson.v1.min.js  (0ms)  (pid 6346)
Compiled usmaps.js  (154ms)  (pid 6346)
Compiled application.js  (263ms)  (pid 6346)
Warning. Error encountered while saving cache /Users/gerbdla/Documents/aptana_workspaces/gerbsofwisdom/tmp/cache/sass/bda577bd9595796bb8517cab6253f706a9381a4a/scaffolds.css.scssc: can't dump anonymous class #<Class:0x007f9f823f0f88>
Compiled scaffolds.css  (24ms)  (pid 6346)
Warning. Error encountered while saving cache /Users/gerbdla/Documents/aptana_workspaces/gerbsofwisdom/tmp/cache/sass/bda577bd9595796bb8517cab6253f706a9381a4a/usmaps.css.scssc: can't dump anonymous class #<Class:0x007f9f823f0f88>
Compiled usmaps.css  (3ms)  (pid 6346)
Compiled application.css  (45ms)  (pid 6346)
Connecting to database specified by database.yml
Compiled jquery.js  (3ms)  (pid 6346)
Compiled jquery_ujs.js  (0ms)  (pid 6346)
Compiled d3.js  (10ms)  (pid 6346)
Compiled topojson.v1.min.js  (0ms)  (pid 6346)
Compiled usmaps.js  (157ms)  (pid 6346)
Compiled application.js  (251ms)  (pid 6346)
Warning. Error encountered while saving cache /Users/gerbdla/Documents/aptana_workspaces/gerbsofwisdom/tmp/cache/sass/bda577bd9595796bb8517cab6253f706a9381a4a/scaffolds.css.scssc: can't dump anonymous class #<Class:0x007f881abe6820>
Compiled scaffolds.css  (25ms)  (pid 6346)
Warning. Error encountered while saving cache /Users/gerbdla/Documents/aptana_workspaces/gerbsofwisdom/tmp/cache/sass/bda577bd9595796bb8517cab6253f706a9381a4a/usmaps.css.scssc: can't dump anonymous class #<Class:0x007f881abe6820>
Compiled usmaps.css  (4ms)  (pid 6346)
Compiled application.css  (50ms)  (pid 6346)
